{"/Users/mark/Coding/vending-machine/test.js":{"path":"/Users/mark/Coding/vending-machine/test.js","s":{"1":1,"2":1,"3":1,"4":1,"5":1,"6":1,"7":1,"8":1,"9":1,"10":1,"11":1,"12":1,"13":1,"14":1,"15":1,"16":1,"17":1,"18":1,"19":1},"b":{"1":[1,0],"2":[1,1],"3":[1,0],"4":[1,1]},"f":{"1":1,"2":1,"3":1},"fnMap":{"1":{"name":"(anonymous_1)","line":12,"loc":{"start":{"line":12,"column":56},"end":{"line":12,"column":73}}},"2":{"name":"(anonymous_2)","line":17,"loc":{"start":{"line":17,"column":54},"end":{"line":17,"column":71}}},"3":{"name":"(anonymous_3)","line":22,"loc":{"start":{"line":22,"column":57},"end":{"line":22,"column":74}}}},"statementMap":{"1":{"start":{"line":4,"column":0},"end":{"line":10,"column":1}},"2":{"start":{"line":5,"column":2},"end":{"line":5,"column":33},"skip":true},"3":{"start":{"line":7,"column":2},"end":{"line":7,"column":24},"skip":true},"4":{"start":{"line":8,"column":2},"end":{"line":8,"column":43},"skip":true},"5":{"start":{"line":9,"column":2},"end":{"line":9,"column":41},"skip":true},"6":{"start":{"line":12,"column":0},"end":{"line":16,"column":3}},"7":{"start":{"line":13,"column":2},"end":{"line":13,"column":31}},"8":{"start":{"line":14,"column":2},"end":{"line":14,"column":20}},"9":{"start":{"line":15,"column":2},"end":{"line":15,"column":37}},"10":{"start":{"line":17,"column":0},"end":{"line":21,"column":3}},"11":{"start":{"line":18,"column":2},"end":{"line":18,"column":35}},"12":{"start":{"line":19,"column":2},"end":{"line":19,"column":30}},"13":{"start":{"line":20,"column":2},"end":{"line":20,"column":37}},"14":{"start":{"line":22,"column":0},"end":{"line":26,"column":3}},"15":{"start":{"line":23,"column":2},"end":{"line":23,"column":35}},"16":{"start":{"line":24,"column":2},"end":{"line":24,"column":33}},"17":{"start":{"line":25,"column":2},"end":{"line":25,"column":37}},"18":{"start":{"line":29,"column":0},"end":{"line":29,"column":70},"skip":true},"19":{"start":{"line":29,"column":55},"end":{"line":29,"column":68},"skip":true}},"branchMap":{"1":{"line":4,"type":"if","locations":[{"start":{"line":4,"column":0},"end":{"line":4,"column":0},"skip":true},{"start":{"line":4,"column":0},"end":{"line":4,"column":0}}]},"2":{"line":4,"type":"binary-expr","locations":[{"start":{"line":4,"column":4},"end":{"line":4,"column":33}},{"start":{"line":4,"column":37},"end":{"line":4,"column":51}}]},"3":{"line":29,"type":"if","locations":[{"start":{"line":29,"column":0},"end":{"line":29,"column":0},"skip":true},{"start":{"line":29,"column":0},"end":{"line":29,"column":0},"skip":true}]},"4":{"line":29,"type":"binary-expr","locations":[{"start":{"line":29,"column":4},"end":{"line":29,"column":33},"skip":true},{"start":{"line":29,"column":37},"end":{"line":29,"column":51},"skip":true}]}}},"/Users/mark/Coding/vending-machine/change.js":{"path":"/Users/mark/Coding/vending-machine/change.js","s":{"1":1,"2":1,"3":1,"4":1,"5":3,"6":3,"7":3,"8":3,"9":24,"10":24,"11":7,"12":7,"13":8,"14":8},"b":{"1":[1,0],"2":[1,1],"3":[7,17]},"f":{"1":3},"fnMap":{"1":{"name":"getChange","line":24,"loc":{"start":{"line":24,"column":0},"end":{"line":24,"column":43}}}},"statementMap":{"1":{"start":{"line":19,"column":0},"end":{"line":21,"column":1},"skip":true},"2":{"start":{"line":20,"column":2},"end":{"line":20,"column":29},"skip":true},"3":{"start":{"line":23,"column":0},"end":{"line":23,"column":44}},"4":{"start":{"line":24,"column":0},"end":{"line":41,"column":1}},"5":{"start":{"line":25,"column":2},"end":{"line":25,"column":18}},"6":{"start":{"line":26,"column":2},"end":{"line":26,"column":28}},"7":{"start":{"line":27,"column":2},"end":{"line":27,"column":42}},"8":{"start":{"line":29,"column":2},"end":{"line":40,"column":3}},"9":{"start":{"line":30,"column":4},"end":{"line":30,"column":24}},"10":{"start":{"line":32,"column":4},"end":{"line":39,"column":5}},"11":{"start":{"line":33,"column":6},"end":{"line":33,"column":45}},"12":{"start":{"line":35,"column":6},"end":{"line":38,"column":7}},"13":{"start":{"line":36,"column":8},"end":{"line":36,"column":26}},"14":{"start":{"line":37,"column":8},"end":{"line":37,"column":37}}},"branchMap":{"1":{"line":19,"type":"if","locations":[{"start":{"line":19,"column":0},"end":{"line":19,"column":0},"skip":true},{"start":{"line":19,"column":0},"end":{"line":19,"column":0},"skip":true}]},"2":{"line":19,"type":"binary-expr","locations":[{"start":{"line":19,"column":4},"end":{"line":19,"column":33},"skip":true},{"start":{"line":19,"column":37},"end":{"line":19,"column":51},"skip":true}]},"3":{"line":32,"type":"if","locations":[{"start":{"line":32,"column":4},"end":{"line":32,"column":4}},{"start":{"line":32,"column":4},"end":{"line":32,"column":4}}]}}}}