TN:
SF:/Users/mark/Coding/vending-machine/test.js
FN:12,(anonymous_1)
FN:17,(anonymous_2)
FN:22,(anonymous_3)
FNF:3
FNH:3
FNDA:1,(anonymous_1)
FNDA:1,(anonymous_2)
FNDA:1,(anonymous_3)
DA:4,1
DA:5,1
DA:7,1
DA:8,1
DA:9,1
DA:12,1
DA:13,1
DA:14,1
DA:15,1
DA:17,1
DA:18,1
DA:19,1
DA:20,1
DA:22,1
DA:23,1
DA:24,1
DA:25,1
DA:29,1
LF:18
LH:18
BRDA:4,1,0,1
BRDA:4,1,1,0
BRDA:4,2,0,1
BRDA:4,2,1,1
BRDA:29,3,0,1
BRDA:29,3,1,0
BRDA:29,4,0,1
BRDA:29,4,1,1
BRF:8
BRH:7
end_of_record
TN:
SF:/Users/mark/Coding/vending-machine/change.js
FN:24,getChange
FNF:1
FNH:1
FNDA:3,getChange
DA:19,1
DA:20,1
DA:23,1
DA:24,1
DA:25,3
DA:26,3
DA:27,3
DA:29,3
DA:30,24
DA:32,24
DA:33,7
DA:35,7
DA:36,8
DA:37,8
LF:14
LH:14
BRDA:19,1,0,1
BRDA:19,1,1,0
BRDA:19,2,0,1
BRDA:19,2,1,1
BRDA:32,3,0,7
BRDA:32,3,1,17
BRF:6
BRH:6
end_of_record
